<?xml version="1.0" encoding="UTF-8"?>
<testng-results skipped="0" failed="0" ignored="0" total="1" passed="1">
  <reporter-output>
  </reporter-output>
  <suite name="Suite" duration-ms="38761" started-at="2018-05-26T09:02:41Z" finished-at="2018-05-26T09:03:19Z">
    <groups>
    </groups>
    <test name="chrome test" duration-ms="38761" started-at="2018-05-26T09:02:41Z" finished-at="2018-05-26T09:03:19Z">
      <class name="RegistrationForm.MavenEcomrs.radioButton">
        <test-method status="PASS" signature="startProcess(java.lang.String)[pri:0, instance:RegistrationForm.MavenEcomrs.radioButton@77ec78b9]" name="startProcess" is-config="true" duration-ms="38600" started-at="2018-05-26T09:02:41Z" finished-at="2018-05-26T09:03:19Z">
          <params>
            <param index="0">
              <value>
                <![CDATA[chrome]]>
              </value>
            </param>
          </params>
          <reporter-output>
          </reporter-output>
        </test-method> <!-- startProcess -->
        <test-method status="PASS" signature="test()[pri:0, instance:RegistrationForm.MavenEcomrs.radioButton@77ec78b9]" name="test" duration-ms="139" started-at="2018-05-26T09:03:19Z" finished-at="2018-05-26T09:03:19Z">
          <reporter-output>
          </reporter-output>
        </test-method> <!-- test -->
        <test-method status="PASS" signature="endProcess()[pri:0, instance:RegistrationForm.MavenEcomrs.radioButton@77ec78b9]" name="endProcess" is-config="true" duration-ms="0" started-at="2018-05-26T09:03:19Z" finished-at="2018-05-26T09:03:19Z">
          <reporter-output>
          </reporter-output>
        </test-method> <!-- endProcess -->
      </class> <!-- RegistrationForm.MavenEcomrs.radioButton -->
    </test> <!-- chrome test -->
  </suite> <!-- Suite -->
</testng-results>
